Report       : Car-lights-controller
Date         : 09-09-2017
Time         : 11:54:35

Compiler     : BASCOM-AVR LIBRARY V 2.0.7.8
Processor    : TINY2313
SRAM         : 80 hex
EEPROM       : 80 hex
ROMSIZE      : 800 hex

ROMIMAGE     : 4D4 hex  -> Will fit into ROM
ROMIMAGE     :  1236 dec
FLASH USED   :  60  %
BAUD         : 9600 Baud
XTAL         : 8000000 Hz
BAUD error   : 0.16%

Stack start  : DF hex
Stack size   : 20 hex
S-Stacksize  : 8 hex
S-Stackstart : C0 hex
Framesize    : 18 hex
Framestart   : A0 hex
Space left   :  55  dec

LCD DB7      : PORTB.7
LCD DB6      : PORTB.6
LCD DB5      : PORTB.5
LCD DB4      : PORTB.4
LCD E        : PORTB.3
LCD RS       : PORTB.2
LCD mode     :  4  bit

--------------------------------------------------------------------------------
Variable                         Type            Address(hex)   Address(dec)
--------------------------------------------------------------------------------
TCNT1                            Word              004C          76 
OCR1A                            Word              004A          74 
OCR1B                            Word              0048          72 
ICR1                             Word              0044          68 
TIMER1                           Word              004C          76 
COMPARE1A                        Word              004A          74 
COMPARE1B                        Word              0048          72 
CAPTURE1                         Word              0044          68 
HWSTACK                          Word              005D          93 
SWSTACK                          Word              001C          28 
FRAME                            Word              0004          4 
R0                                                 0000          0 
R1                                                 0001          1 
R2                                                 0002          2 
R3                                                 0003          3 
R4                                                 0004          4 
R5                                                 0005          5 
R6                                                 0006          6 
R7                                                 0007          7 
R8                                                 0008          8 
R9                                                 0009          9 
R10                                                000A          10 
R11                                                000B          11 
R12                                                000C          12 
R13                                                000D          13 
R14                                                000E          14 
R15                                                000F          15 
R16                                                0010          16 
R17                                                0011          17 
R18                                                0012          18 
R19                                                0013          19 
R20                                                0014          20 
R21                                                0015          21 
R22                                                0016          22 
R23                                                0017          23 
R24                                                0018          24 
R25                                                0019          25 
R26                                                001A          26 
R27                                                001B          27 
R28                                                001C          28 
R29                                                001D          29 
R30                                                001E          30 
R31                                                001F          31 
COUNTER1                         Word              004C          76 
TIMER1                           Word              004C          76 
CAPTURE1                         Word              0044          68 
COMPARE1A                        Word              004A          74 
PWM1A                            Word              004A          74 
COMPARE1                         Word              004A          74 
PWM1B                            Word              0048          72 
COMPARE1B                        Word              0048          72 
PWM0A                            Byte              0056          86 
PWM0B                            Byte              005C          92 
ERR                              Bit [2]           0006          6 
L_TIMER                          Byte              0060          96 
B_ACTIVE                         Byte              0061          97 
B_TIMER                          Byte              0062          98 
WAIT_ARM                         Bit [7]           0063          99 
WAIT_TIMER                       Integer           0064          100 
START_TIMER                      Byte              0066          102 
AL_TIMER                         Byte              0067          103 

--------------------------------------------------------------------------------
Constant                         Value
--------------------------------------------------------------------------------
SREG                             &H3F
SPL                              &H3D
OCR0B                            &H3C
PWM0B                            &H3C
COMPARE0B                        &H3C
GIMSK                            &H3B
GIFR                             &H3A
EIFR                             &H3A
TIMSK                            &H39
TIFR                             &H38
TIFR1                            &H38
SPMCSR                           &H37
OCR0A                            &H36
PWM0A                            &H36
COMPARE0A                        &H36
MCUCR                            &H35
MCUSR                            &H34
MCUCSR                           &H34
TCCR0                            &H33
TCCR0B                           &H33
TCNT0                            &H32
COUNTER0                         &H32
TIMER0                           &H32
OSCCAL                           &H31
TCCR0A                           &H30
TCCR1A                           &H2F
TCCR1B                           &H2E
TCNT1H                           &H2D
TCNT1L                           &H2C
OCR1AH                           &H2B
OCR1AL                           &H2A
OCR1BH                           &H29
OCR1BL                           &H28
CLKPR                            &H26
ICR1H                            &H25
ICR1L                            &H24
GTCCR                            &H23
TCCR1C                           &H22
WDTCR                            &H21
PCMSK                            &H20
EEAR                             &H1E
EEARL                            &H1E
EEDR                             &H1D
EECR                             &H1C
PORTA                            &H1B
DDRA                             &H1A
PINA                             &H19
PORTB                            &H18
DDRB                             &H17
PINB                             &H16
GPIOR2                           &H15
GPIOR1                           &H14
GPIOR0                           &H13
PORTD                            &H12
DDRD                             &H11
PIND                             &H10
USIDR                            &H0F
USISR                            &H0E
USICR                            &H0D
UDR                              &H0C
USR                              &H0B
UCSRA                            &H0B
UCSR0A                           &H0B
UCR                              &H0A
UCSRB                            &H0A
UBRR                             &H09
UBRRL                            &H09
ACSR                             &H08
UCSRC                            &H03
UBRRH                            &H02
UBRRHI                           &H02
DIDR                             &H01
_ROMSIZE                         2048
PORTB0                           0
PB0                              0
PORTB1                           1
PB1                              1
PORTB2                           2
PB2                              2
PORTB3                           3
PB3                              3
PORTB4                           4
PB4                              4
PORTB5                           5
PB5                              5
PORTB6                           6
PB6                              6
PORTB7                           7
PB7                              7
DDB0                             0
DDB1                             1
DDB2                             2
DDB3                             3
DDB4                             4
DDB5                             5
DDB6                             6
DDB7                             7
PINB0                            0
PINB1                            1
PINB2                            2
PINB3                            3
PINB4                            4
PINB5                            5
PINB6                            6
PINB7                            7
OCIE0A                           0
TOIE0                            1
OCIE0B                           2
OCF0A                            0
TOV0                             1
OCF0B                            2
OCR0_0                           0
OCR0_1                           1
OCR0_2                           2
OCR0_3                           3
OCR0_4                           4
OCR0_5                           5
OCR0_6                           6
OCR0_7                           7
WGM00                            0
WGM01                            1
COM0B0                           4
COM0B1                           5
COM0A0                           6
COM0A1                           7
TCNT0_0                          0
TCNT0_1                          1
TCNT0_2                          2
TCNT0_3                          3
TCNT0_4                          4
TCNT0_5                          5
TCNT0_6                          6
TCNT0_7                          7
CS00                             0
CS01                             1
CS02                             2
WGM02                            3
FOC0B                            6
FOC0A                            7
ICIE1                            3
TICIE1                           3
TICIE                            ICIE1
OCIE1B                           5
OCIE1A                           6
TOIE1                            7
ICF1                             3
OCF1B                            5
OCF1A                            6
TOV1                             7
WGM10                            0
PWM10                            WGM10
WGM11                            1
PWM11                            WGM11
COM1B0                           4
COM1B1                           5
COM1A0                           6
COM1A1                           7
CS10                             0
CS11                             1
CS12                             2
WGM12                            3
CTC1                             WGM12
WGM13                            4
ICES1                            6
ICNC1                            7
FOC1B                            6
FOC1A                            7
WDTCSR                           WDTCR
WDP0                             0
WDP1                             1
WDP2                             2
WDE                              3
WDCE                             4
WDTOE                            WDCE
WDP3                             5
WDIE                             6
WDIF                             7
PCIE                             5
INT0                             6
INT1                             7
PCIF                             5
INTF0                            6
INTF1                            7
UDR0                             0
UDR1                             1
UDR2                             2
UDR3                             3
UDR4                             4
UDR5                             5
UDR6                             6
UDR7                             7
MPCM                             0
U2X                              1
UPE                              2
PE                               UPE
DOR                              3
FE                               4
UDRE                             5
TXC                              6
RXC                              7
TXB8                             0
RXB8                             1
UCSZ2                            2
CHR9                             UCSZ2
TXEN                             3
RXEN                             4
UDRIE                            5
TXCIE                            6
RXCIE                            7
UCPOL                            0
UCSZ0                            1
UCSZ1                            2
USBS                             3
UPM0                             4
UPM1                             5
UMSEL                            6
ACIS0                            0
ACIS1                            1
ACIC                             2
ACIE                             3
ACI                              4
ACO                              5
ACBG                             6
ACD                              7
AIN0D                            0
AIN1D                            1
PORTD0                           0
PD0                              0
PORTD1                           1
PD1                              1
PORTD2                           2
PD2                              2
PORTD3                           3
PD3                              3
PORTD4                           4
PD4                              4
PORTD5                           5
PD5                              5
PORTD6                           6
PD6                              6
DDD0                             0
DDD1                             1
DDD2                             2
DDD3                             3
DDD4                             4
DDD5                             5
DDD6                             6
PIND0                            0
PIND1                            1
PIND2                            2
PIND3                            3
PIND4                            4
PIND5                            5
PIND6                            6
EEAR0                            0
EEAR1                            1
EEAR2                            2
EEAR3                            3
EEAR4                            4
EEAR5                            5
EEAR6                            6
EEDR0                            0
EEDR1                            1
EEDR2                            2
EEDR3                            3
EEDR4                            4
EEDR5                            5
EEDR6                            6
EEDR7                            7
EERE                             0
EEPE                             1
EEWE                             EEPE
EEMPE                            2
EEMWE                            EEMPE
EERIE                            3
EEPM0                            4
EEPM1                            5
PORTA0                           0
PA0                              0
PORTA1                           1
PA1                              1
PORTA2                           2
PA2                              2
DDA0                             0
DDA1                             1
DDA2                             2
PINA0                            0
PINA1                            1
PINA2                            2
SREG_C                           0
SREG_Z                           1
SREG_N                           2
SREG_V                           3
SREG_S                           4
SREG_H                           5
SREG_T                           6
SREG_I                           7
SPMEN                            0
PGERS                            1
PGWRT                            2
RFLB                             3
CTPB                             4
ISC00                            0
ISC01                            1
ISC10                            2
ISC11                            3
SM0                              4
SM                               SM0
SE                               5
SM1                              6
PUD                              7
CLKPS0                           0
CLKPS1                           1
CLKPS2                           2
CLKPS3                           3
CLKPCE                           7
PORF                             0
EXTRF                            1
BORF                             2
WDRF                             3
CAL0                             0
CAL1                             1
CAL2                             2
CAL3                             3
CAL4                             4
CAL5                             5
CAL6                             6
SFIOR                            GTCCR
PSR10                            0
PCINT0                           0
PCINT1                           1
PCINT2                           2
PCINT3                           3
PCINT4                           4
PCINT5                           5
PCINT6                           6
PCINT7                           7
GPIOR20                          0
GPIOR21                          1
GPIOR22                          2
GPIOR23                          3
GPIOR24                          4
GPIOR25                          5
GPIOR26                          6
GPIOR27                          7
GPIOR10                          0
GPIOR11                          1
GPIOR12                          2
GPIOR13                          3
GPIOR14                          4
GPIOR15                          5
GPIOR16                          6
GPIOR17                          7
GPIOR00                          0
GPIOR01                          1
GPIOR02                          2
GPIOR03                          3
GPIOR04                          4
GPIOR05                          5
GPIOR06                          6
GPIOR07                          7
USIDR0                           0
USIDR1                           1
USIDR2                           2
USIDR3                           3
USIDR4                           4
USIDR5                           5
USIDR6                           6
USIDR7                           7
USICNT0                          0
USICNT1                          1
USICNT2                          2
USICNT3                          3
USIDC                            4
USIPF                            5
USIOIF                           6
USISIF                           7
USITC                            0
USICLK                           1
USICS0                           2
USICS1                           3
USIWM0                           4
USIWM1                           5
USIOIE                           6
USISIE                           7
LB1                              0
LB2                              1
CKSEL0                           0
CKSEL1                           1
CKSEL2                           2
CKSEL3                           3
SUT0                             4
SUT1                             5
CKOUT                            6
CKDIV8                           7
BODLEVEL0                        0
BODLEVEL1                        1
BODLEVEL2                        2
EESAVE                           3
WDTON                            4
SPIEN                            5
DWEN                             6
RSTDISBL                         7
SELFPRGEN                        0
_DATE_FORMAT                     0
_DATE_SEPARATOR                  92
_GSTRBUF                         160
_DECIMALPOINT                    46
_RTSCTS                          0
_RTSCTS1                         0
_RTSCTS3                         0
_RTSCTS4                         0
_RTSCTS5                         0
_RTSCTS6                         0
_RTSCTS7                         0
_RTSCTS8                         0
_CHIP                            31
_RAMSIZE                         128
_ERAMSIZE                        128
_SIM                             0
_HUGE                            0
_BASE                            1
_XTAL                            8000000
_BUILD                           20781
_COMPILER                        90
_HWMUL                           0
_DOSFILEWRITE                    0
_DOSDIRWRITE                     0
_1WEXT                           0
_ADC_REFMODEL                    0
_UARTS                           1
_HWSTACKSTART                    223
_TIMEOUT                         0
_PRDWORD                         0
_PBIN_EXTENDED                   0
_BIGSTRINGS                      0
_FPROTECT                        0
_HWSTACK_LOW                     &H00BF
_SWSTACK_LOW                     &H00B8
_FRAME_HIGH                      &H00B9
_XMEGA                           0
CBITINFINITY                     0
CMBITINFINITY                    1
CBITZERO                         1
CMBITZERO                        2
CBITNAN                          2
CMBITNAN                         4
CBITNANIFINF                     3
CMBITNANIFINF                    8
CBITNANIFMINUS                   4
CMBITNANIFMINUS                  16
CBITSIGN                         7
CMBITSIGN                        128
CEXPADDOFFSET                    0
CEXPSUBOFFSET                    12
CEXPMULOFFSET                    24
CEXPDIVOFFSET                    36


--------------------------------------------------------------------------------
Warnings:
--------------------------------------------------------------------------------
TCNT1                            not used
OCR1A                            not used
OCR1B                            not used
ICR1                             not used
R0                               not used
R1                               not used
R2                               not used
R3                               not used
R4                               not used
R5                               not used
R6                               not used
R7                               not used
R8                               not used
R9                               not used
R10                              not used
R11                              not used
R12                              not used
R13                              not used
R14                              not used
R15                              not used
R16                              not used
R17                              not used
R18                              not used
R19                              not used
R20                              not used
R21                              not used
R22                              not used
R23                              not used
R24                              not used
R25                              not used
R26                              not used
R27                              not used
R28                              not used
R29                              not used
R30                              not used
R31                              not used
COMPARE1                         not used
PWM0A                            not used
PWM0B                            not used

